<?xml version="1.0" encoding="UTF-8"?>
<testsuite name="LoginTests" tests="2" skipped="0" failures="0" errors="0" timestamp="2026-06-23T18:32:27.446Z" hostname="MacBook-Pro-Stanislav.local" time="3.814">
  <properties/>
  <testcase name="wrongPasswordAuthorizationTest()" classname="LoginTests" time="2.402"/>
  <testcase name="successfulAuthorizationTest()" classname="LoginTests" time="1.395"/>
  <system-out><![CDATA[]]></system-out>
  <system-err><![CDATA[[Test worker] INFO com.codeborne.selenide.WebDriverThreadLocalContainer - No webdriver is bound to current thread: 1 - let's create a new webdriver
Jun 23, 2026 8:32:29 PM org.openqa.selenium.devtools.CdpVersionFinder findNearestMatch
WARNING: Unable to find an exact match for CDP version 149, returning the closest version; found: 148; Please update to a Selenium version that supports CDP version 149
[Test worker] INFO com.codeborne.selenide.webdriver.WebDriverFactory - Selenide 7.16.2 / Selenium 4.44.0 / chrome 149.0.7827.155 mac
[Test worker] INFO com.codeborne.selenide.WebDriverThreadLocalContainer - No webdriver is bound to current thread: 1 - let's create a new webdriver
Jun 23, 2026 8:32:30 PM org.openqa.selenium.devtools.CdpVersionFinder findNearestMatch
WARNING: Unable to find an exact match for CDP version 149, returning the closest version; found: 148; Please update to a Selenium version that supports CDP version 149
[Test worker] INFO com.codeborne.selenide.webdriver.WebDriverFactory - Selenide 7.16.2 / Selenium 4.44.0 / chrome 149.0.7827.155 mac
]]></system-err>
</testsuite>
