<?xml version="1.0" encoding="UTF-8"?>
<testsuite name="TextBoxTests" tests="1" skipped="0" failures="0" errors="0" timestamp="2026-06-23T18:32:38.771Z" hostname="MacBook-Pro-Stanislav.local" time="1.613">
  <properties/>
  <testcase name="successfulFillFormTest()" classname="TextBoxTests" time="1.613"/>
  <system-out><![CDATA[]]></system-out>
  <system-err><![CDATA[[Test worker] INFO com.codeborne.selenide.WebDriverThreadLocalContainer - No webdriver is bound to current thread: 1 - let's create a new webdriver
Jun 23, 2026 8:32:39 PM org.openqa.selenium.devtools.CdpVersionFinder findNearestMatch
WARNING: Unable to find an exact match for CDP version 149, returning the closest version; found: 148; Please update to a Selenium version that supports CDP version 149
[Test worker] INFO com.codeborne.selenide.webdriver.WebDriverFactory - Selenide 7.16.2 / Selenium 4.44.0 / chrome 149.0.7827.155 mac
]]></system-err>
</testsuite>
